.gitignore
.gitlab-ci.yml
AUTHORS
COPYING
Doxyfile
Makefile.am
NEWS
README.md
bootstrap
configure.ac
examples/helloworld/main.cpp
examples/imem/imem.cpp
examples/renderers/discovery.cpp
libvlcpp.pc.in
m4/stdcxx_11.m4
test/main.cpp
vlcpp/Dialog.hpp
vlcpp/Equalizer.hpp
vlcpp/EventManager.hpp
vlcpp/Instance.hpp
vlcpp/Internal.hpp
vlcpp/Media.hpp
vlcpp/MediaDiscoverer.hpp
vlcpp/MediaLibrary.hpp
vlcpp/MediaList.hpp
vlcpp/MediaListPlayer.hpp
vlcpp/MediaPlayer.hpp
vlcpp/Picture.hpp
vlcpp/RendererDiscoverer.hpp
vlcpp/common.hpp
vlcpp/structures.hpp
vlcpp/vlc.hpp
